<?xml version="1.0" encoding="UTF-8"?>
<!-- Generated by org.testng.reporters.JUnitReportReporter -->
<testsuite hostname="pc-199.home" failures="0" tests="6" name="Task1" time="1.867" errors="0" timestamp="2025-04-21T21:20:39 EET" skipped="2">
  <testcase classname="Task1" name="login" time="0.614"/>
  <testcase classname="Task1" name="AddAllItems" time="0.513"/>
  <testcase classname="Task1" name="RemoveAllItems" time="0.359"/>
  <testcase classname="Task1" name="GetFirstLetters" time="0.381"/>
  <testcase classname="Task1" name="Logout">
    <skipped/>
  </testcase> <!-- Logout -->
  <testcase classname="Task1" name="removeItemFromTheCart">
    <skipped/>
  </testcase> <!-- removeItemFromTheCart -->
</testsuite> <!-- Task1 -->
