<?xml version="1.0" encoding="UTF-8"?>
<!-- Generated by org.testng.reporters.JUnitReportReporter -->
<testsuite hostname="pc-199.home" failures="0" tests="1" name="Hello" time="0.021" errors="0" timestamp="2025-04-22T19:13:55 EET" skipped="0">
  <testcase classname="Hello" name="MyTest" time="0.021"/>
</testsuite> <!-- Hello -->
